Analysis initiated from SIMULIA established products
Abaqus JOB Job-3
Abaqus 2022
Abaqus License Manager checked out the following licenses:
Abaqus/Standard checked out 6 tokens from Flexnet server abaqus.lisens.ntnu.no.
<770 out of 1000 licenses remain available>.
Begin Analysis Input File Processor
10.12.2025 18:54:34
Run pre.exe
10.12.2025 18:54:40
End Analysis Input File Processor
Begin Abaqus/Standard Analysis
10.12.2025 18:54:40
Run standard.exe
10.12.2025 18:54:46
End Abaqus/Standard Analysis
Begin SIM Wrap-up
10.12.2025 18:54:48
Run SMASimUtility.exe
10.12.2025 18:54:48
End SIM Wrap-up
Abaqus JOB Job-3 COMPLETED
