1
0
1
ASSEMBLY
1
TRUSS-1
TRUSS
1
TRUSS-1
8
1 1
2 2
3 3
4 4
5 5
6 6
7 7
8 8
1 1
2 2
3 3
4 4
5 5
6 6
7 7
8 8
0
1
TRUSS-1
13
1 1
2 2
3 3
4 4
5 5
6 6
7 7
8 8
9 9
10 10
11 11
12 12
13 13
1 1
2 2
3 3
4 4
5 5
6 6
7 7
8 8
9 9
10 10
11 11
12 12
13 13
0
0
1
TRUSS-1
6
ASSIGN
0
1
12
1 2 4 5 6 7 8 9 10 11 12 13 
0
0
SET-1
0
1
12
1 2 4 5 6 7 8 9 10 11 12 13 
0
0
SET-13
0
1
13
1 2 3 4 5 6 7 8 9 10 11 12 13 
0
0
SET-14
0
1
13
1 2 3 4 5 6 7 8 9 10 11 12 13 
0
0
SET-8
0
1
12
1 2 4 5 6 7 8 9 10 11 12 13 
0
0
SET-9
0
1
12
1 2 4 5 6 7 8 9 10 11 12 13 
0
0
0
6
FIXED
0
1
0
1
TRUSS-1
1
8 
0
LOAD1
0
1
0
1
TRUSS-1
1
4 
0
LOADBACK
0
1
0
1
TRUSS-1
1
5 
0
ROLLING
0
1
0
1
TRUSS-1
1
3 
0
SET-5
0
1
0
1
TRUSS-1
1
4 
0
SET-7
0
1
0
1
TRUSS-1
1
3 
0
1
TRUSS-1
6
ASSIGN
0
1
8
1 2 3 4 5 6 7 8 
0
0
SET-1
0
1
8
1 2 3 4 5 6 7 8 
0
0
SET-13
0
1
8
1 2 3 4 5 6 7 8 
0
0
SET-14
0
1
8
1 2 3 4 5 6 7 8 
0
0
SET-8
0
1
8
1 2 3 4 5 6 7 8 
0
0
SET-9
0
1
8
1 2 3 4 5 6 7 8 
0
0
0
0
0
